<?xml version="1.0" encoding="UTF-8"?>
<testng-results skipped="0" failed="0" ignored="0" total="1" passed="1">
  <reporter-output>
  </reporter-output>
  <suite name="Default suite" duration-ms="88200" started-at="2023-02-18T20:19:27 EET" finished-at="2023-02-18T20:20:55 EET">
    <groups>
    </groups>
    <test name="Default test" duration-ms="88200" started-at="2023-02-18T20:19:27 EET" finished-at="2023-02-18T20:20:55 EET">
      <class name="testcases.FlipkartTest">
        <test-method status="PASS" signature="launchApplication()[pri:0, instance:testcases.FlipkartTest@6043cd28]" name="launchApplication" is-config="true" duration-ms="8332" started-at="2023-02-18T20:19:27 EET" finished-at="2023-02-18T20:19:35 EET">
          <reporter-output>
          </reporter-output>
        </test-method> <!-- launchApplication -->
        <test-method status="PASS" signature="clearCart()[pri:0, instance:testcases.FlipkartTest@6043cd28]" name="clearCart" is-config="true" duration-ms="20477" started-at="2023-02-18T20:19:35 EET" finished-at="2023-02-18T20:19:56 EET">
          <reporter-output>
          </reporter-output>
        </test-method> <!-- clearCart -->
        <test-method status="PASS" signature="placeOrder()[pri:0, instance:testcases.FlipkartTest@6043cd28]" name="placeOrder" duration-ms="59203" started-at="2023-02-18T20:19:56 EET" finished-at="2023-02-18T20:20:55 EET">
          <reporter-output>
          </reporter-output>
        </test-method> <!-- placeOrder -->
        <test-method status="PASS" signature="tearDown()[pri:0, instance:testcases.FlipkartTest@6043cd28]" name="tearDown" is-config="true" duration-ms="3" started-at="2023-02-18T20:20:55 EET" finished-at="2023-02-18T20:20:55 EET">
          <reporter-output>
          </reporter-output>
        </test-method> <!-- tearDown -->
      </class> <!-- testcases.FlipkartTest -->
    </test> <!-- Default test -->
  </suite> <!-- Default suite -->
</testng-results>
